Determining if the pthread_create exist failed with the following output:
Change Dir: /home/dding3/work/test/test/ros/catkin_ws/build/CMakeFiles/CMakeTmp

Run Build Command:"/usr/bin/make" "cmTC_a1904/fast"
/usr/bin/make -f CMakeFiles/cmTC_a1904.dir/build.make CMakeFiles/cmTC_a1904.dir/build
make[1]: Entering directory '/home/dding3/work/test/test/ros/catkin_ws/build/CMakeFiles/CMakeTmp'
Building C object CMakeFiles/cmTC_a1904.dir/CheckSymbolExists.c.o
/usr/bin/cc    -o CMakeFiles/cmTC_a1904.dir/CheckSymbolExists.c.o   -c /home/dding3/work/test/test/ros/catkin_ws/build/CMakeFiles/CMakeTmp/CheckSymbolExists.c
Linking C executable cmTC_a1904
/usr/local/bin/cmake -E cmake_link_script CMakeFiles/cmTC_a1904.dir/link.txt --verbose=1
/usr/bin/cc      -rdynamic CMakeFiles/cmTC_a1904.dir/CheckSymbolExists.c.o  -o cmTC_a1904 
CMakeFiles/cmTC_a1904.dir/CheckSymbolExists.c.o: In function `main':
CheckSymbolExists.c:(.text+0x16): undefined reference to `pthread_create'
collect2: error: ld returned 1 exit status
CMakeFiles/cmTC_a1904.dir/build.make:86: recipe for target 'cmTC_a1904' failed
make[1]: *** [cmTC_a1904] Error 1
make[1]: Leaving directory '/home/dding3/work/test/test/ros/catkin_ws/build/CMakeFiles/CMakeTmp'
Makefile:121: recipe for target 'cmTC_a1904/fast' failed
make: *** [cmTC_a1904/fast] Error 2

File /home/dding3/work/test/test/ros/catkin_ws/build/CMakeFiles/CMakeTmp/CheckSymbolExists.c:
/* */
#include <pthread.h>

int main(int argc, char** argv)
{
  (void)argv;
#ifndef pthread_create
  return ((int*)(&pthread_create))[argc];
#else
  (void)argc;
  return 0;
#endif
}

Determining if the function pthread_create exists in the pthreads failed with the following output:
Change Dir: /home/dding3/work/test/test/ros/catkin_ws/build/CMakeFiles/CMakeTmp

Run Build Command:"/usr/bin/make" "cmTC_5fe77/fast"
/usr/bin/make -f CMakeFiles/cmTC_5fe77.dir/build.make CMakeFiles/cmTC_5fe77.dir/build
make[1]: Entering directory '/home/dding3/work/test/test/ros/catkin_ws/build/CMakeFiles/CMakeTmp'
Building C object CMakeFiles/cmTC_5fe77.dir/CheckFunctionExists.c.o
/usr/bin/cc   -DCHECK_FUNCTION_EXISTS=pthread_create   -o CMakeFiles/cmTC_5fe77.dir/CheckFunctionExists.c.o   -c /usr/local/share/cmake-3.13/Modules/CheckFunctionExists.c
Linking C executable cmTC_5fe77
/usr/local/bin/cmake -E cmake_link_script CMakeFiles/cmTC_5fe77.dir/link.txt --verbose=1
/usr/bin/cc  -DCHECK_FUNCTION_EXISTS=pthread_create    -rdynamic CMakeFiles/cmTC_5fe77.dir/CheckFunctionExists.c.o  -o cmTC_5fe77 -lpthreads 
/usr/bin/ld: cannot find -lpthreads
collect2: error: ld returned 1 exit status
CMakeFiles/cmTC_5fe77.dir/build.make:86: recipe for target 'cmTC_5fe77' failed
make[1]: *** [cmTC_5fe77] Error 1
make[1]: Leaving directory '/home/dding3/work/test/test/ros/catkin_ws/build/CMakeFiles/CMakeTmp'
Makefile:121: recipe for target 'cmTC_5fe77/fast' failed
make: *** [cmTC_5fe77/fast] Error 2


